Flow report for MIcrocontroller
Thu Nov 25 11:16:51 2021
Quartus II 64-Bit Version 13.0.0 Build 156 04/24/2013 SJ Web Edition


---------------------
; Table of Contents ;
---------------------
  1. Legal Notice
  2. Flow Summary
  3. Flow Settings
  4. Flow Non-Default Global Settings
  5. Flow Elapsed Time
  6. Flow OS Summary
  7. Flow Log
  8. Flow Messages
  9. Flow Suppressed Messages



----------------
; Legal Notice ;
----------------
Copyright (C) 1991-2013 Altera Corporation
Your use of Altera Corporation's design tools, logic functions 
and other software and tools, and its AMPP partner logic 
functions, and any output files from any of the foregoing 
(including device programming or simulation files), and any 
associated documentation or information are expressly subject 
to the terms and conditions of the Altera Program License 
Subscription Agreement, Altera MegaCore Function License 
Agreement, or other applicable license agreement, including, 
without limitation, that your use is for the sole purpose of 
programming logic devices manufactured by Altera and sold by 
Altera or its authorized distributors.  Please refer to the 
applicable agreement for further details.



+---------------------------------------------------------------------------------+
; Flow Summary                                                                    ;
+------------------------------------+--------------------------------------------+
; Flow Status                        ; Successful - Thu Nov 25 11:16:51 2021      ;
; Quartus II 64-Bit Version          ; 13.0.0 Build 156 04/24/2013 SJ Web Edition ;
; Revision Name                      ; MIcrocontroller                            ;
; Top-level Entity Name              ; microcontroller                            ;
; Family                             ; Cyclone II                                 ;
; Device                             ; EP2C20F484C7                               ;
; Timing Models                      ; Final                                      ;
; Total logic elements               ; 397 / 18,752 ( 2 % )                       ;
;     Total combinational functions  ; 397 / 18,752 ( 2 % )                       ;
;     Dedicated logic registers      ; 90 / 18,752 ( < 1 % )                      ;
; Total registers                    ; 90                                         ;
; Total pins                         ; 45 / 315 ( 14 % )                          ;
; Total virtual pins                 ; 0                                          ;
; Total memory bits                  ; 3,328 / 239,616 ( 1 % )                    ;
; Embedded Multiplier 9-bit elements ; 0 / 52 ( 0 % )                             ;
; Total PLLs                         ; 0 / 4 ( 0 % )                              ;
+------------------------------------+--------------------------------------------+


+-----------------------------------------+
; Flow Settings                           ;
+-------------------+---------------------+
; Option            ; Setting             ;
+-------------------+---------------------+
; Start date & time ; 11/25/2021 11:16:25 ;
; Main task         ; Compilation         ;
; Revision Name     ; MIcrocontroller     ;
+-------------------+---------------------+


+-------------------------------------------------------------------------------------------------------------------------------------+
; Flow Non-Default Global Settings                                                                                                    ;
+--------------------------------------+-----------------------------------------+---------------+-------------+----------------------+
; Assignment Name                      ; Value                                   ; Default Value ; Entity Name ; Section Id           ;
+--------------------------------------+-----------------------------------------+---------------+-------------+----------------------+
; COMPILER_SIGNATURE_ID                ; 203050746882930.163783538407364         ; --            ; --          ; --                   ;
; EDA_DESIGN_ENTRY_SYNTHESIS_TOOL      ; Design Compiler                         ; <None>        ; --          ; --                   ;
; EDA_DESIGN_INSTANCE_NAME             ; UUT                                     ; --            ; --          ; microcontroller      ;
; EDA_ENABLE_GLITCH_FILTERING          ; On                                      ; --            ; --          ; eda_simulation       ;
; EDA_INPUT_DATA_FORMAT                ; Edif                                    ; --            ; --          ; eda_design_synthesis ;
; EDA_INPUT_VCC_NAME                   ; Vdd                                     ; --            ; --          ; eda_design_synthesis ;
; EDA_LMF_FILE                         ; altsyn.lmf                              ; --            ; --          ; eda_design_synthesis ;
; EDA_MAP_ILLEGAL_CHARACTERS           ; On                                      ; --            ; --          ; eda_simulation       ;
; EDA_NATIVELINK_SIMULATION_TEST_BENCH ; microcontroller                         ; --            ; --          ; eda_simulation       ;
; EDA_OUTPUT_DATA_FORMAT               ; Vhdl                                    ; --            ; --          ; eda_simulation       ;
; EDA_SIMULATION_TOOL                  ; ModelSim-Altera (VHDL)                  ; <None>        ; --          ; --                   ;
; EDA_TEST_BENCH_DESIGN_INSTANCE_NAME  ; UUT                                     ; --            ; --          ; eda_simulation       ;
; EDA_TEST_BENCH_ENABLE_STATUS         ; TEST_BENCH_MODE                         ; --            ; --          ; eda_simulation       ;
; EDA_TEST_BENCH_FILE                  ; microcontroller_TB.vhd                  ; --            ; --          ; microcontroller      ;
; EDA_TEST_BENCH_MODULE_NAME           ; microcontroller                         ; --            ; --          ; microcontroller      ;
; EDA_TEST_BENCH_NAME                  ; microcontroller                         ; --            ; --          ; eda_simulation       ;
; EDA_WRITE_NODES_FOR_POWER_ESTIMATION ; ALL_NODES                               ; --            ; --          ; eda_simulation       ;
; FLOW_ENABLE_POWER_ANALYZER           ; On                                      ; Off           ; --          ; --                   ;
; MAX_CORE_JUNCTION_TEMP               ; 85                                      ; --            ; --          ; --                   ;
; MIN_CORE_JUNCTION_TEMP               ; 0                                       ; --            ; --          ; --                   ;
; PARTITION_COLOR                      ; 16764057                                ; --            ; --          ; Top                  ;
; PARTITION_FITTER_PRESERVATION_LEVEL  ; PLACEMENT_AND_ROUTING                   ; --            ; --          ; Top                  ;
; PARTITION_NETLIST_TYPE               ; SOURCE                                  ; --            ; --          ; Top                  ;
; POWER_DEFAULT_INPUT_IO_TOGGLE_RATE   ; 12.5 %                                  ; 12.5%         ; --          ; --                   ;
; POWER_INPUT_FILE_NAME                ; simulation/modelsim/MIcrocontroller.vcd ; --            ; --          ; microcontroller.vcd  ;
; POWER_REPORT_POWER_DISSIPATION       ; On                                      ; Off           ; --          ; --                   ;
; POWER_REPORT_SIGNAL_ACTIVITY         ; On                                      ; Off           ; --          ; --                   ;
; POWER_USE_INPUT_FILES                ; On                                      ; Off           ; --          ; --                   ;
; POWER_VCD_FILE_END_TIME              ; 250 us                                  ; --            ; --          ; microcontroller.vcd  ;
; POWER_VCD_FILE_START_TIME            ; 200 us                                  ; --            ; --          ; microcontroller.vcd  ;
+--------------------------------------+-----------------------------------------+---------------+-------------+----------------------+


+-------------------------------------------------------------------------------------------------------------------------------+
; Flow Elapsed Time                                                                                                             ;
+---------------------------+--------------+-------------------------+---------------------+------------------------------------+
; Module Name               ; Elapsed Time ; Average Processors Used ; Peak Virtual Memory ; Total CPU Time (on all processors) ;
+---------------------------+--------------+-------------------------+---------------------+------------------------------------+
; Analysis & Synthesis      ; 00:00:05     ; 1.0                     ; 4641 MB             ; 00:00:05                           ;
; Fitter                    ; 00:00:08     ; 1.0                     ; 4844 MB             ; 00:00:08                           ;
; Assembler                 ; 00:00:03     ; 1.0                     ; 4557 MB             ; 00:00:02                           ;
; PowerPlay Power Analyzer  ; 00:00:03     ; 1.0                     ; 4573 MB             ; 00:00:02                           ;
; TimeQuest Timing Analyzer ; 00:00:01     ; 1.0                     ; 4540 MB             ; 00:00:02                           ;
; EDA Netlist Writer        ; 00:00:01     ; 1.0                     ; 4524 MB             ; 00:00:01                           ;
; Total                     ; 00:00:21     ; --                      ; --                  ; 00:00:20                           ;
+---------------------------+--------------+-------------------------+---------------------+------------------------------------+


+----------------------------------------------------------------------------------------+
; Flow OS Summary                                                                        ;
+---------------------------+------------------+-----------+------------+----------------+
; Module Name               ; Machine Hostname ; OS Name   ; OS Version ; Processor type ;
+---------------------------+------------------+-----------+------------+----------------+
; Analysis & Synthesis      ; mercury          ; Windows 7 ; 6.2        ; x86_64         ;
; Fitter                    ; mercury          ; Windows 7 ; 6.2        ; x86_64         ;
; Assembler                 ; mercury          ; Windows 7 ; 6.2        ; x86_64         ;
; PowerPlay Power Analyzer  ; mercury          ; Windows 7 ; 6.2        ; x86_64         ;
; TimeQuest Timing Analyzer ; mercury          ; Windows 7 ; 6.2        ; x86_64         ;
; EDA Netlist Writer        ; mercury          ; Windows 7 ; 6.2        ; x86_64         ;
+---------------------------+------------------+-----------+------------+----------------+


------------
; Flow Log ;
------------
quartus_map --read_settings_files=on --write_settings_files=off MIcrocontroller -c MIcrocontroller
quartus_fit --read_settings_files=off --write_settings_files=off MIcrocontroller -c MIcrocontroller
quartus_asm --read_settings_files=off --write_settings_files=off MIcrocontroller -c MIcrocontroller
quartus_pow --read_settings_files=off --write_settings_files=off MIcrocontroller -c MIcrocontroller
quartus_sta MIcrocontroller -c MIcrocontroller
quartus_eda --read_settings_files=off --write_settings_files=off MIcrocontroller -c MIcrocontroller



